00c0b700008c8711, 66.2, 3.4, 5849a2df
00c0b700008c84dc, 66.2, 3.4, 5849a31f
00c0b700008c847d, 66.2, 3.3, 5849a328
00c0b700008c8711, 66.2, 3.4, 5849a397
00c0b700008c84dc, 66.2, 3.4, 5849a3d7
00c0b700008c847d, 66.2, 3.3, 5849a3e0
00c0b70000da2460, 79.7, 2.7, 5849a3e1
00c0b700008c8711, 66.2, 3.4, 5849a450
00c0b700008c84dc, 66.2, 3.4, 5849a490
00c0b70000da2460, 79.0, 2.8, 5849a495
00c0b700008c847d, 66.2, 3.3, 5849a499
00c0b700008c8711, 66.2, 3.4, 5849a508
00c0b700008c84dc, 66.2, 3.4, 5849a548
00c0b70000da2460, 78.9, 2.8, 5849a549
00c0b700008c847d, 66.2, 3.3, 5849a551
00c0b700008c8711, 66.2, 3.4, 5849a5c1
00c0b70000da2460, 79.0, 2.8, 5849a5fd
00c0b700008c84dc, 66.2, 3.4, 5849a600
00c0b700008c847d, 66.2, 3.3, 5849a609
00c0b700008c8711, 66.2, 3.4, 5849a679
00c0b70000da2460, 79.0, 2.8, 5849a6b1
00c0b700008c84dc, 66.2, 3.4, 5849a6b9
00c0b700008c847d, 66.2, 3.3, 5849a6c2
00c0b700008c8711, 66.2, 3.4, 5849a732
00c0b70000da2460, 78.9, 2.8, 5849a765
00c0b700008c84dc, 66.2, 3.4, 5849a771
00c0b700008c847d, 66.2, 3.3, 5849a77a
00c0b700008c8711, 66.2, 3.4, 5849a7ea
00c0b70000da2460, 78.9, 2.8, 5849a819
00c0b700008c84dc, 66.2, 3.4, 5849a82a
00c0b700008c847d, 66.2, 3.3, 5849a833
00c0b700008c8711, 66.2, 3.4, 5849a8a3
00c0b70000da2460, 79.0, 2.8, 5849a8cd
00c0b700008c84dc, 66.2, 3.4, 5849a8e2
00c0b700008c847d, 66.2, 3.3, 5849a8eb
00c0b700008c8711, 66.2, 3.4, 5849a95b
00c0b70000da2460, 79.0, 2.8, 5849a981
00c0b700008c84dc, 66.2, 3.4, 5849a99b
00c0b700008c847d, 66.2, 3.3, 5849a9a4
00c0b700008c8711, 66.2, 3.4, 5849aa14
00c0b70000da2460, 79.0, 2.8, 5849aa35
00c0b700008c84dc, 66.2, 3.4, 5849aa53
00c0b700008c847d, 66.2, 3.3, 5849aa5c
00c0b700008c8711, 66.2, 3.4, 5849aacc
00c0b70000da2460, 79.0, 2.8, 5849aae9
00c0b700008c84dc, 66.2, 3.4, 5849ab0c
00c0b700008c847d, 66.2, 3.3, 5849ab15
00c0b700008c8711, 66.2, 3.4, 5849ab85
00c0b70000da2460, 78.9, 2.8, 5849ab9d
00c0b700008c84dc, 66.2, 3.4, 5849abc4
00c0b700008c847d, 66.2, 3.3, 5849abcd
00c0b700008c8711, 66.2, 3.4, 5849ac3d
00c0b70000da2460, 79.1, 2.8, 5849ac51
00c0b700008c84dc, 66.2, 3.4, 5849ac7d
00c0b700008c847d, 66.2, 3.3, 5849ac86
00c0b700008c8711, 66.2, 3.4, 5849acf6
00c0b70000da2460, 79.1, 2.8, 5849ad05
00c0b700008c84dc, 66.2, 3.4, 5849ad35
00c0b700008c847d, 66.2, 3.3, 5849ad3e
00c0b700008c8711, 66.2, 3.4, 5849adae
00c0b70000da2460, 79.0, 2.8, 5849adb9
00c0b700008c84dc, 66.2, 3.4, 5849adee
00c0b700008c847d, 66.2, 3.3, 5849adf7
00c0b700008c8711, 66.2, 3.4, 5849ae67
00c0b70000da2460, 79.1, 2.9, 5849ae6d
00c0b700008c84dc, 66.2, 3.4, 5849aea6
00c0b700008c847d, 66.2, 3.3, 5849aeaf
00c0b700008c8711, 66.2, 3.4, 5849af1f
00c0b70000da2460, 79.0, 2.9, 5849af21
00c0b700008c84dc, 66.2, 3.4, 5849af5f
00c0b700008c847d, 66.2, 3.3, 5849af68
00c0b70000da2460, 79.0, 2.9, 5849afd5
00c0b700008c8711, 66.2, 3.4, 5849afd8
00c0b700008c84dc, 66.2, 3.4, 5849b017
00c0b700008c847d, 66.2, 3.3, 5849b020
00c0b70000da2460, 79.0, 2.9, 5849b089
00c0b700008c8711, 66.2, 3.4, 5849b090
00c0b700008c84dc, 66.2, 3.4, 5849b0d0
00c0b700008c847d, 66.2, 3.3, 5849b0d9
00c0b70000da2460, 79.0, 2.9, 5849b13d
00c0b700008c8711, 66.2, 3.4, 5849b149
00c0b700008c84dc, 66.2, 3.4, 5849b188
00c0b700008c847d, 66.2, 3.3, 5849b191
00c0b70000da2460, 79.0, 2.9, 5849b1f1
00c0b700008c8711, 66.2, 3.4, 5849b201
00c0b700008c84dc, 66.2, 3.4, 5849b241
00c0b700008c847d, 66.2, 3.3, 5849b24a
00c0b70000da2460, 79.0, 2.9, 5849b2a5
00c0b700008c8711, 66.2, 3.4, 5849b2ba
00c0b700008c84dc, 66.2, 3.4, 5849b2f9
00c0b700008c847d, 66.2, 3.3, 5849b302
00c0b70000da2460, 78.9, 2.9, 5849b359
00c0b700008c8711, 66.2, 3.4, 5849b372
00c0b700008c84dc, 66.2, 3.4, 5849b3b2
00c0b700008c847d, 66.2, 3.3, 5849b3bb
00c0b70000da2460, 78.9, 2.9, 5849b40d
00c0b700008c8711, 66.2, 3.4, 5849b42b
00c0b700008c84dc, 66.2, 3.4, 5849b46a
00c0b700008c847d, 66.2, 3.3, 5849b473
00c0b70000da2460, 79.0, 2.9, 5849b4c1
00c0b700008c8711, 66.2, 3.4, 5849b4e3
00c0b700008c84dc, 66.2, 3.4, 5849b523
00c0b700008c847d, 66.2, 3.3, 5849b52c
00c0b70000da2460, 79.0, 2.9, 5849b575
00c0b700008c8711, 66.2, 3.4, 5849b59c
00c0b700008c84dc, 66.2, 3.4, 5849b5db
00c0b700008c847d, 66.2, 3.3, 5849b5e4
00c0b70000da2460, 79.1, 2.9, 5849b629
00c0b700008c8711, 66.2, 3.4, 5849b654
00c0b700008c84dc, 66.2, 3.4, 5849b694
00c0b70000da2460, 79.1, 2.9, 5849b6dd
00c0b700008c8711, 66.2, 3.4, 5849b70d
00c0b700008c84dc, 66.2, 3.4, 5849b74c
00c0b700008c847d, 66.2, 3.3, 5849b755
00c0b70000da2460, 79.1, 2.9, 5849b791
00c0b700008c8711, 66.2, 3.4, 5849b7c5
00c0b700008c84dc, 66.2, 3.4, 5849b804
00c0b700008c847d, 66.2, 3.3, 5849b80d
00c0b70000da2460, 79.1, 2.9, 5849b845
00c0b700008c8711, 66.2, 3.4, 5849b87e
00c0b700008c84dc, 66.2, 3.4, 5849b8bd
00c0b700008c847d, 66.2, 3.3, 5849b8c6
00c0b700008c8711, 66.2, 3.4, 5849b936
00c0b700008c84dc, 66.2, 3.4, 5849b975
00c0b700008c847d, 66.2, 3.3, 5849b97e
00c0b70000da2460, 79.2, 2.9, 5849b9ad
00c0b700008c8711, 66.2, 3.4, 5849b9ef
00c0b700008c84dc, 66.2, 3.4, 5849ba2e
00c0b700008c847d, 66.2, 3.3, 5849ba37
00c0b70000da2460, 79.4, 2.9, 5849ba61
00c0b700008c8711, 66.2, 3.4, 5849baa7
00c0b700008c84dc, 66.2, 3.4, 5849bae6
00c0b700008c847d, 66.2, 3.3, 5849baef
00c0b70000da2460, 79.4, 2.9, 5849bb15
00c0b700008c8711, 66.2, 3.4, 5849bb60
00c0b700008c84dc, 66.2, 3.4, 5849bb9f
00c0b700008c847d, 66.2, 3.3, 5849bba8
00c0b70000da2460, 79.4, 2.9, 5849bbc9
00c0b700008c8711, 66.2, 3.4, 5849bc18
00c0b700008c84dc, 66.2, 3.4, 5849bc57
00c0b700008c847d, 66.2, 3.3, 5849bc60
00c0b70000da2460, 79.5, 2.9, 5849bc7d
00c0b700008c8711, 66.2, 3.4, 5849bcd1
00c0b700008c84dc, 66.2, 3.4, 5849bd10
00c0b700008c847d, 66.2, 3.3, 5849bd19
00c0b70000da2460, 79.6, 2.9, 5849bd31
00c0b700008c8711, 66.2, 3.4, 5849bd89
00c0b700008c84dc, 66.2, 3.4, 5849bdc8
00c0b700008c847d, 66.2, 3.3, 5849bdd1
00c0b70000da2460, 79.6, 2.9, 5849bde5
00c0b700008c8711, 66.2, 3.4, 5849be42
00c0b700008c84dc, 66.2, 3.4, 5849be81
00c0b700008c847d, 66.2, 3.3, 5849be8a
00c0b70000da2460, 79.7, 2.9, 5849be99
00c0b700008c8711, 66.2, 3.4, 5849befa
00c0b700008c84dc, 66.2, 3.4, 5849bf39
00c0b700008c847d, 66.2, 3.3, 5849bf42
00c0b70000da2460, 79.7, 2.9, 5849bf4d
00c0b700008c8711, 66.2, 3.4, 5849bfb3
00c0b700008c84dc, 66.2, 3.4, 5849bff2
00c0b700008c847d, 66.2, 3.3, 5849bffb
00c0b70000da2460, 79.7, 2.9, 5849c001
00c0b700008c8711, 66.2, 3.4, 5849c06b
00c0b700008c84dc, 66.2, 3.4, 5849c0aa
00c0b700008c847d, 66.2, 3.3, 5849c0b3
00c0b70000da2460, 79.7, 2.9, 5849c0b5
00c0b700008c8711, 66.2, 3.4, 5849c124
00c0b700008c84dc, 66.2, 3.4, 5849c163
00c0b70000da2460, 79.8, 2.9, 5849c169
00c0b700008c847d, 66.2, 3.3, 5849c16c
00c0b700008c8711, 66.2, 3.4, 5849c1dc
00c0b700008c84dc, 66.2, 3.4, 5849c21b
00c0b70000da2460, 79.7, 2.9, 5849c21d
00c0b700008c847d, 66.2, 3.3, 5849c224
00c0b700008c8711, 66.2, 3.4, 5849c295
00c0b70000da2460, 79.8, 2.9, 5849c2d1
00c0b700008c84dc, 66.2, 3.4, 5849c2d4
00c0b700008c847d, 66.2, 3.3, 5849c2dd
00c0b700008c8711, 66.2, 3.4, 5849c34d
00c0b70000da2460, 79.8, 2.9, 5849c385
00c0b700008c84dc, 66.2, 3.4, 5849c38c
00c0b700008c847d, 66.2, 3.3, 5849c395
00c0b700008c8711, 66.2, 3.4, 5849c406
00c0b70000da2460, 79.7, 2.9, 5849c439
00c0b700008c84dc, 66.2, 3.4, 5849c445
00c0b700008c847d, 66.2, 3.3, 5849c44e
00c0b700008c8711, 66.2, 3.4, 5849c4be
00c0b70000da2460, 79.7, 2.9, 5849c4ed
00c0b700008c84dc, 66.2, 3.4, 5849c4fd
00c0b700008c847d, 66.2, 3.3, 5849c506
00c0b700008c8711, 66.2, 3.4, 5849c577
00c0b70000da2460, 79.6, 2.9, 5849c5a1
00c0b700008c84dc, 66.2, 3.4, 5849c5b6
00c0b700008c847d, 66.2, 3.3, 5849c5bf
00c0b700008c8711, 66.2, 3.4, 5849c62f
00c0b70000da2460, 79.8, 2.9, 5849c655
00c0b700008c84dc, 66.2, 3.4, 5849c66e
00c0b700008c847d, 66.2, 3.3, 5849c677
00c0b700008c8711, 66.2, 3.4, 5849c6e8
00c0b70000da2460, 79.8, 2.9, 5849c709
00c0b700008c84dc, 66.2, 3.4, 5849c727
00c0b700008c847d, 66.2, 3.3, 5849c730
00c0b700008c8711, 66.2, 3.4, 5849c7a0
00c0b70000da2460, 79.7, 2.9, 5849c7bd
00c0b700008c84dc, 66.2, 3.4, 5849c7df
00c0b700008c847d, 66.2, 3.3, 5849c7e8
00c0b700008c8711, 66.2, 3.4, 5849c859
00c0b70000da2460, 79.7, 2.9, 5849c871
00c0b700008c84dc, 66.2, 3.4, 5849c898
00c0b700008c847d, 66.2, 3.3, 5849c8a1
00c0b700008c8711, 66.2, 3.4, 5849c911
00c0b70000da2460, 79.7, 2.9, 5849c925
00c0b700008c84dc, 66.2, 3.4, 5849c950
00c0b700008c847d, 66.2, 3.3, 5849c959
00c0b700008c8711, 66.2, 3.4, 5849c9ca
00c0b70000da2460, 79.8, 2.9, 5849c9d9
00c0b700008c84dc, 66.2, 3.4, 5849ca08
00c0b700008c847d, 66.2, 3.3, 5849ca11
00c0b700008c8711, 66.2, 3.4, 5849ca82
00c0b70000da2460, 79.7, 2.9, 5849ca8d
00c0b700008c84dc, 66.2, 3.4, 5849cac1
00c0b700008c847d, 66.2, 3.3, 5849caca
00c0b700008c8711, 66.2, 3.4, 5849cb3b
00c0b70000da2460, 79.7, 2.9, 5849cb41
00c0b700008c84dc, 66.2, 3.4, 5849cb79
00c0b700008c847d, 66.2, 3.3, 5849cb82
00c0b700008c8711, 66.2, 3.4, 5849cbf3
00c0b70000da2460, 79.7, 2.9, 5849cbf5
00c0b700008c84dc, 66.2, 3.4, 5849cc32
00c0b700008c847d, 66.2, 3.3, 5849cc3b
00c0b70000da2460, 79.7, 2.9, 5849cca9
00c0b700008c8711, 66.2, 3.4, 5849ccac
00c0b700008c84dc, 66.2, 3.4, 5849ccea
00c0b700008c847d, 66.2, 3.3, 5849ccf3
00c0b70000da2460, 79.7, 2.9, 5849cd5d
00c0b700008c8711, 66.2, 3.4, 5849cd64
00c0b700008c84dc, 66.2, 3.4, 5849cda3
00c0b700008c847d, 66.2, 3.3, 5849cdac
00c0b70000da2460, 79.7, 2.9, 5849ce11
00c0b700008c8711, 66.2, 3.4, 5849ce1d
00c0b700008c84dc, 66.2, 3.4, 5849ce5b
00c0b700008c847d, 66.2, 3.3, 5849ce64
00c0b70000da2460, 79.8, 2.9, 5849cec5
00c0b700008c8711, 66.2, 3.4, 5849ced5
00c0b700008c84dc, 66.2, 3.4, 5849cf14
00c0b700008c847d, 66.2, 3.3, 5849cf1d
00c0b70000da2460, 79.7, 2.9, 5849cf79
00c0b700008c8711, 66.2, 3.4, 5849cf8e
00c0b700008c84dc, 66.2, 3.4, 5849cfcc
00c0b700008c847d, 66.2, 3.3, 5849cfd5
00c0b70000da2460, 79.6, 2.9, 5849d02d
00c0b700008c8711, 66.2, 3.4, 5849d047
00c0b700008c84dc, 66.2, 3.4, 5849d085
00c0b700008c847d, 66.2, 3.3, 5849d08e
00c0b70000da2460, 79.5, 2.9, 5849d0e1
00c0b700008c8711, 66.2, 3.4, 5849d0ff
00c0b700008c84dc, 66.2, 3.4, 5849d13d
00c0b700008c847d, 66.2, 3.3, 5849d146
00c0b70000da2460, 79.5, 2.9, 5849d195
00c0b700008c8711, 66.2, 3.4, 5849d1b8
00c0b700008c84dc, 66.2, 3.4, 5849d1f6
00c0b700008c847d, 66.2, 3.3, 5849d1ff
00c0b70000da2460, 79.4, 2.9, 5849d249
00c0b700008c8711, 66.2, 3.4, 5849d270
00c0b700008c84dc, 66.2, 3.4, 5849d2ae
00c0b700008c847d, 66.2, 3.3, 5849d2b7
00c0b70000da2460, 79.4, 2.9, 5849d2fd
00c0b700008c8711, 66.2, 3.4, 5849d329
00c0b700008c84dc, 66.2, 3.4, 5849d367
00c0b700008c847d, 66.2, 3.3, 5849d370
00c0b70000da2460, 79.5, 2.9, 5849d3b1
00c0b700008c8711, 66.2, 3.4, 5849d3e1
00c0b700008c84dc, 66.2, 3.4, 5849d41f
00c0b700008c847d, 66.2, 3.3, 5849d428
00c0b70000da2460, 79.4, 2.9, 5849d465
00c0b700008c8711, 66.2, 3.4, 5849d49a
00c0b700008c84dc, 66.2, 3.4, 5849d4d8
00c0b700008c847d, 66.2, 3.3, 5849d4e1
00c0b70000da2460, 79.5, 2.9, 5849d519
00c0b700008c8711, 66.2, 3.4, 5849d552
00c0b700008c84dc, 66.2, 3.4, 5849d590
00c0b700008c847d, 66.2, 3.3, 5849d599
00c0b70000da2460, 79.4, 2.9, 5849d5cd
00c0b700008c8711, 66.2, 3.4, 5849d60b
00c0b700008c84dc, 66.2, 3.4, 5849d649
00c0b700008c847d, 66.2, 3.3, 5849d652
00c0b70000da2460, 79.4, 2.9, 5849d681
00c0b700008c8711, 66.2, 3.4, 5849d6c3
00c0b700008c84dc, 66.2, 3.4, 5849d701
00c0b700008c847d, 66.2, 3.3, 5849d70a
00c0b70000da2460, 79.3, 2.9, 5849d735
00c0b700008c8711, 66.2, 3.4, 5849d77c
00c0b700008c84dc, 66.2, 3.4, 5849d7ba
00c0b700008c847d, 66.2, 3.3, 5849d7c3
00c0b70000da2460, 79.3, 2.9, 5849d7e9
00c0b700008c8711, 66.2, 3.4, 5849d834
00c0b700008c84dc, 66.2, 3.4, 5849d872
00c0b700008c847d, 66.2, 3.3, 5849d87b
00c0b70000da2460, 79.3, 2.9, 5849d89d
00c0b700008c8711, 66.2, 3.4, 5849d8ed
00c0b700008c84dc, 66.2, 3.4, 5849d92b
00c0b700008c847d, 66.2, 3.3, 5849d934
00c0b70000da2460, 79.2, 2.9, 5849d951
00c0b700008c8711, 66.2, 3.4, 5849d9a5
00c0b700008c84dc, 66.2, 3.4, 5849d9e3
00c0b700008c847d, 66.2, 3.3, 5849d9ec
00c0b70000da2460, 79.3, 2.9, 5849da05
00c0b700008c8711, 66.2, 3.4, 5849da5e
00c0b700008c84dc, 66.2, 3.4, 5849da9c
00c0b700008c847d, 66.2, 3.3, 5849daa5
00c0b70000da2460, 79.2, 2.9, 5849dab9
00c0b700008c8711, 66.2, 3.4, 5849db16
00c0b700008c84dc, 66.2, 3.4, 5849db54
00c0b700008c847d, 66.2, 3.3, 5849db5d
00c0b70000da2460, 79.3, 2.9, 5849db6d
00c0b700008c8711, 66.2, 3.4, 5849dbcf
00c0b700008c84dc, 66.2, 3.4, 5849dc0c
00c0b700008c847d, 66.2, 3.3, 5849dc15
00c0b70000da2460, 79.2, 2.9, 5849dc21
00c0b700008c8711, 66.2, 3.4, 5849dc87
00c0b700008c84dc, 66.2, 3.4, 5849dcc5
00c0b700008c847d, 66.2, 3.3, 5849dcce
00c0b70000da2460, 79.2, 2.9, 5849dcd5
00c0b700008c8711, 66.2, 3.4, 5849dd40
00c0b700008c84dc, 66.2, 3.4, 5849dd7d
00c0b700008c847d, 66.2, 3.3, 5849dd86
00c0b70000da2460, 79.2, 2.9, 5849dd89
00c0b700008c8711, 66.2, 3.4, 5849ddf8
00c0b700008c84dc, 66.2, 3.4, 5849de36
00c0b70000da2460, 79.2, 2.9, 5849de3d
00c0b700008c847d, 66.2, 3.3, 5849de3f
00c0b700008c8711, 66.2, 3.4, 5849deb1
00c0b700008c84dc, 66.2, 3.4, 5849deee
00c0b70000da2460, 79.2, 2.9, 5849def1
00c0b700008c847d, 66.2, 3.3, 5849def7
00c0b700008c8711, 66.2, 3.4, 5849df69
00c0b70000da2460, 79.2, 2.9, 5849dfa5
00c0b700008c84dc, 66.2, 3.4, 5849dfa7
00c0b700008c847d, 66.2, 3.3, 5849dfb0
00c0b700008c8711, 66.2, 3.4, 5849e022
00c0b70000da2460, 79.2, 2.9, 5849e059
00c0b700008c84dc, 66.2, 3.4, 5849e05f
00c0b700008c847d, 66.2, 3.3, 5849e068
00c0b700008c8711, 66.2, 3.4, 5849e0da
00c0b70000da2460, 79.3, 2.9, 5849e10d
00c0b700008c84dc, 66.2, 3.4, 5849e118
00c0b700008c847d, 66.2, 3.3, 5849e121
00c0b700008c8711, 66.2, 3.4, 5849e193
00c0b70000da2460, 79.3, 2.9, 5849e1c1
00c0b700008c84dc, 66.2, 3.4, 5849e1d0
00c0b700008c847d, 66.2, 3.3, 5849e1d9
00c0b700008c8711, 66.2, 3.4, 5849e24b
00c0b70000da2460, 79.4, 2.9, 5849e275
00c0b700008c84dc, 66.2, 3.4, 5849e289
00c0b700008c847d, 66.2, 3.3, 5849e292
00c0b700008c8711, 66.2, 3.4, 5849e304
00c0b70000da2460, 79.2, 2.9, 5849e329
00c0b700008c84dc, 66.2, 3.4, 5849e341
00c0b700008c847d, 66.2, 3.3, 5849e34a
00c0b700008c8711, 66.2, 3.4, 5849e3bc
00c0b70000da2460, 79.3, 2.9, 5849e3dd
00c0b700008c84dc, 66.2, 3.4, 5849e3fa
00c0b700008c847d, 66.2, 3.3, 5849e403
00c0b700008c8711, 66.2, 3.4, 5849e475
00c0b70000da2460, 79.1, 2.9, 5849e491
00c0b700008c84dc, 66.2, 3.4, 5849e4b2
00c0b700008c847d, 66.2, 3.3, 5849e4bb
00c0b700008c8711, 66.2, 3.4, 5849e52d
00c0b70000da2460, 79.0, 2.9, 5849e545
00c0b700008c84dc, 66.2, 3.4, 5849e56b
00c0b700008c847d, 66.2, 3.3, 5849e574
00c0b700008c8711, 66.2, 3.4, 5849e5e6
00c0b70000da2460, 78.9, 2.9, 5849e5f9
00c0b700008c84dc, 66.2, 3.4, 5849e623
00c0b700008c847d, 66.2, 3.3, 5849e62c
00c0b700008c8711, 66.2, 3.4, 5849e69e
00c0b70000da2460, 78.9, 2.9, 5849e6ad
00c0b700008c84dc, 66.2, 3.4, 5849e6dc
00c0b700008c847d, 66.2, 3.3, 5849e6e5
00c0b700008c8711, 66.2, 3.4, 5849e757
00c0b70000da2460, 78.8, 2.9, 5849e761
00c0b700008c84dc, 66.2, 3.4, 5849e794
00c0b700008c847d, 66.2, 3.3, 5849e79d
00c0b700008c8711, 66.2, 3.4, 5849e80f
00c0b70000da2460, 78.6, 2.9, 5849e815
00c0b700008c84dc, 66.2, 3.4, 5849e84d
00c0b700008c847d, 66.2, 3.3, 5849e856
00c0b700008c8711, 66.2, 3.4, 5849e8c8
00c0b70000da2460, 78.7, 2.9, 5849e8c9
00c0b700008c84dc, 66.2, 3.4, 5849e905
00c0b700008c847d, 66.2, 3.3, 5849e90e
00c0b70000da2460, 78.5, 2.9, 5849e97d
00c0b700008c8711, 66.2, 3.4, 5849e980
00c0b700008c84dc, 66.2, 3.4, 5849e9be
00c0b700008c847d, 66.2, 3.3, 5849e9c7
00c0b70000da2460, 78.5, 2.9, 5849ea31
00c0b700008c8711, 66.2, 3.4, 5849ea39
00c0b700008c84dc, 66.2, 3.4, 5849ea76
00c0b700008c847d, 66.2, 3.3, 5849ea7f
00c0b70000da2460, 78.4, 2.9, 5849eae5
00c0b700008c8711, 66.2, 3.4, 5849eaf1
00c0b700008c84dc, 66.2, 3.4, 5849eb2f
00c0b700008c847d, 66.2, 3.3, 5849eb38
00c0b70000da2460, 78.3, 2.9, 5849eb99
00c0b700008c8711, 66.2, 3.4, 5849ebaa
00c0b700008c84dc, 66.2, 3.4, 5849ebe7
00c0b700008c847d, 66.2, 3.3, 5849ebf0
00c0b70000da2460, 78.2, 2.9, 5849ec4d
00c0b700008c8711, 66.2, 3.4, 5849ec62
00c0b700008c84dc, 66.2, 3.4, 5849eca0
00c0b700008c847d, 66.2, 3.3, 5849eca9
00c0b70000da2460, 78.2, 2.9, 5849ed01
00c0b700008c8711, 66.2, 3.4, 5849ed1b
00c0b700008c84dc, 66.2, 3.4, 5849ed58
00c0b700008c847d, 66.2, 3.3, 5849ed61
00c0b70000da2460, 78.1, 2.9, 5849edb5
00c0b700008c8711, 66.2, 3.4, 5849edd3
00c0b700008c84dc, 66.2, 3.4, 5849ee11
00c0b700008c847d, 66.2, 3.3, 5849ee1a
00c0b70000da2460, 78.0, 2.9, 5849ee69
00c0b700008c8711, 66.2, 3.4, 5849ee8c
00c0b700008c84dc, 66.2, 3.4, 5849eec9
00c0b700008c847d, 66.2, 3.3, 5849eed2
00c0b70000da2460, 78.0, 2.9, 5849ef1d
00c0b700008c8711, 66.2, 3.4, 5849ef44
00c0b700008c84dc, 66.2, 3.4, 5849ef81
00c0b700008c847d, 66.2, 3.3, 5849ef8a
00c0b70000da2460, 77.9, 2.9, 5849efd1
00c0b700008c8711, 66.2, 3.4, 5849effd
00c0b700008c84dc, 66.2, 3.4, 5849f03a
00c0b700008c847d, 66.2, 3.3, 5849f043
00c0b70000da2460, 77.9, 2.9, 5849f085
00c0b700008c8711, 66.2, 3.4, 5849f0b5
00c0b700008c84dc, 66.2, 3.4, 5849f0f2
00c0b700008c847d, 66.2, 3.3, 5849f0fb
00c0b70000da2460, 77.8, 2.9, 5849f139
00c0b700008c8711, 66.2, 3.4, 5849f16e
00c0b700008c84dc, 66.2, 3.4, 5849f1ab
00c0b700008c847d, 66.2, 3.3, 5849f1b4
00c0b70000da2460, 77.6, 2.9, 5849f1ed
00c0b700008c8711, 66.2, 3.4, 5849f227
00c0b700008c84dc, 66.2, 3.4, 5849f263
00c0b700008c847d, 66.2, 3.3, 5849f26c
00c0b70000da2460, 77.6, 2.9, 5849f2a1
00c0b700008c8711, 66.2, 3.4, 5849f2df
00c0b700008c84dc, 66.2, 3.4, 5849f31c
00c0b700008c847d, 66.2, 3.3, 5849f325
00c0b70000da2460, 77.5, 2.9, 5849f355
00c0b700008c8711, 66.2, 3.4, 5849f398
00c0b700008c84dc, 66.2, 3.4, 5849f3d4
00c0b700008c847d, 66.2, 3.3, 5849f3dd
00c0b70000da2460, 77.6, 2.9, 5849f409
00c0b700008c8711, 66.2, 3.4, 5849f450
00c0b700008c84dc, 66.2, 3.4, 5849f48d
00c0b700008c847d, 66.2, 3.3, 5849f496
00c0b70000da2460, 77.5, 2.9, 5849f4bd
00c0b700008c8711, 66.2, 3.4, 5849f509
00c0b700008c84dc, 66.2, 3.4, 5849f545
00c0b700008c847d, 66.2, 3.3, 5849f54e
00c0b70000da2460, 77.4, 2.9, 5849f571
00c0b700008c8711, 66.2, 3.4, 5849f5c1
00c0b700008c84dc, 66.2, 3.4, 5849f5fe
00c0b700008c847d, 66.2, 3.3, 5849f607
00c0b70000da2460, 77.4, 2.9, 5849f625
00c0b700008c8711, 66.2, 3.4, 5849f67a
00c0b700008c84dc, 66.2, 3.4, 5849f6b6
00c0b700008c847d, 66.2, 3.3, 5849f6bf
00c0b70000da2460, 77.3, 2.9, 5849f6d9
00c0b700008c8711, 66.2, 3.4, 5849f732
00c0b700008c84dc, 66.2, 3.4, 5849f76f
00c0b700008c847d, 66.2, 3.3, 5849f778
00c0b70000da2460, 77.3, 2.9, 5849f78d
00c0b700008c8711, 66.2, 3.4, 5849f7eb
00c0b700008c84dc, 66.2, 3.4, 5849f827
00c0b700008c847d, 66.2, 3.3, 5849f830
00c0b70000da2460, 77.3, 2.9, 5849f841
00c0b700008c8711, 66.2, 3.4, 5849f8a3
00c0b700008c84dc, 66.2, 3.4, 5849f8e0
00c0b700008c847d, 66.2, 3.3, 5849f8e9
00c0b70000da2460, 77.3, 2.9, 5849f8f5
00c0b700008c8711, 66.2, 3.4, 5849f95c
00c0b700008c84dc, 66.2, 3.4, 5849f998
00c0b700008c847d, 66.2, 3.3, 5849f9a1
00c0b70000da2460, 77.1, 2.9, 5849f9a9
00c0b700008c8711, 66.2, 3.4, 5849fa14
00c0b700008c84dc, 66.2, 3.4, 5849fa51
00c0b700008c847d, 66.2, 3.3, 5849fa5a
00c0b70000da2460, 77.1, 2.9, 5849fa5d
00c0b700008c8711, 66.2, 3.4, 5849facd
00c0b700008c84dc, 66.2, 3.4, 5849fb09
00c0b70000da2460, 77.1, 2.9, 5849fb11
00c0b700008c847d, 66.2, 3.3, 5849fb12
00c0b700008c8711, 66.2, 3.4, 5849fb85
00c0b700008c84dc, 66.2, 3.4, 5849fbc2
00c0b70000da2460, 77.1, 2.9, 5849fbc5
00c0b700008c847d, 66.2, 3.3, 5849fbcb
00c0b700008c8711, 66.2, 3.4, 5849fc3e
00c0b700008c84dc, 66.2, 3.4, 5849fc7a
00c0b70000da2460, 77.1, 2.9, 5849fc79
00c0b700008c847d, 66.2, 3.3, 5849fc83
00c0b700008c8711, 66.2, 3.4, 5849fcf6
00c0b70000da2460, 77.0, 2.9, 5849fd2d
00c0b700008c84dc, 66.2, 3.4, 5849fd33
00c0b700008c847d, 66.2, 3.3, 5849fd3c
00c0b700008c8711, 66.2, 3.4, 5849fdaf
00c0b70000da2460, 77.1, 2.9, 5849fde1
00c0b700008c84dc, 66.2, 3.4, 5849fdeb
00c0b700008c847d, 66.2, 3.3, 5849fdf4
00c0b700008c8711, 66.2, 3.4, 5849fe67
00c0b70000da2460, 77.0, 2.9, 5849fe95
00c0b700008c84dc, 66.2, 3.4, 5849fea4
00c0b700008c847d, 66.2, 3.3, 5849fead
00c0b700008c8711, 66.2, 3.4, 5849ff20
00c0b70000da2460, 76.9, 2.9, 5849ff49
00c0b700008c84dc, 66.2, 3.4, 5849ff5c
00c0b700008c847d, 66.2, 3.3, 5849ff65
00c0b700008c8711, 66.2, 3.4, 5849ffd8
00c0b70000da2460, 76.8, 2.9, 5849fffd
00c0b700008c84dc, 66.2, 3.4, 584a0015
00c0b700008c847d, 66.2, 3.3, 584a001d
00c0b700008c8711, 66.2, 3.4, 584a0091
00c0b70000da2460, 76.9, 2.9, 584a00b1
00c0b700008c84dc, 66.2, 3.4, 584a00cd
00c0b700008c847d, 66.2, 3.3, 584a00d6
00c0b700008c8711, 66.2, 3.4, 584a0149
00c0b70000da2460, 76.8, 2.9, 584a0165
00c0b700008c84dc, 66.2, 3.4, 584a0185
00c0b700008c847d, 66.2, 3.3, 584a018e
00c0b700008c8711, 66.2, 3.4, 584a0202
00c0b70000da2460, 76.7, 2.9, 584a0219
00c0b700008c84dc, 66.2, 3.4, 584a023e
00c0b700008c847d, 66.2, 3.3, 584a0247
00c0b700008c8711, 66.2, 3.4, 584a02ba
00c0b70000da2460, 76.7, 2.9, 584a02cd
00c0b700008c84dc, 66.2, 3.4, 584a02f6
00c0b700008c847d, 66.2, 3.3, 584a02ff
00c0b700008c8711, 66.2, 3.4, 584a0373
00c0b70000da2460, 76.6, 2.9, 584a0381
00c0b700008c84dc, 66.2, 3.4, 584a03a