00c0b700008c8711, 66.2, 3.4, 58497e4e
00c0b700008c847d, 66.2, 3.3, 58497e71
00c0b700008c84dc, 66.2, 3.4, 58497e73
00c0b700008c8711, 66.2, 3.4, 58497f06
00c0b700008c847d, 66.2, 3.3, 58497f29
00c0b700008c84dc, 66.2, 3.4, 58497f2c
00c0b700008c8711, 66.2, 3.4, 58497fbf
00c0b700008c847d, 66.2, 3.3, 58497fe2
00c0b700008c84dc, 66.2, 3.4, 58497fe4
00c0b700008c8711, 66.2, 3.4, 58498077
00c0b700008c847d, 66.2, 3.3, 5849809a
00c0b700008c84dc, 66.2, 3.4, 5849809d
00c0b700008c8711, 66.2, 3.4, 58498130
00c0b700008c847d, 66.2, 3.3, 58498153
00c0b700008c84dc, 66.2, 3.4, 58498155
00c0b700008c8711, 66.2, 3.4, 584981e8
00c0b700008c847d, 66.2, 3.3, 5849820b
00c0b700008c84dc, 66.2, 3.4, 5849820e
00c0b700008c8711, 66.2, 3.4, 584982a1
00c0b700008c847d, 66.2, 3.3, 584982c4
00c0b700008c84dc, 66.2, 3.4, 584982c6
00c0b700008c8711, 66.2, 3.4, 5849835a
00c0b700008c847d, 66.2, 3.3, 5849837c
00c0b700008c84dc, 66.2, 3.4, 5849837e
00c0b700008c8711, 66.2, 3.4, 58498412
00c0b700008c847d, 66.2, 3.3, 58498435
00c0b700008c84dc, 66.2, 3.4, 58498437
00c0b700008c8711, 66.2, 3.4, 584984cb
00c0b700008c847d, 66.2, 3.3, 584984ed
00c0b700008c84dc, 66.2, 3.4, 584984ef
00c0b700008c8711, 66.2, 3.4, 58498583
00c0b700008c847d, 66.2, 3.3, 584985a6
00c0b700008c84dc, 66.2, 3.4, 584985a8
00c0b700008c8711, 66.2, 3.4, 5849863c
00c0b700008c847d, 66.2, 3.3, 5849865e
00c0b700008c84dc, 66.2, 3.4, 58498660
00c0b700008c8711, 66.2, 3.4, 584986f4
00c0b700008c847d, 66.2, 3.3, 58498717
00c0b700008c84dc, 66.2, 3.4, 58498719
00c0b700008c8711, 66.2, 3.4, 584987ad
00c0b700008c847d, 66.2, 3.3, 584987cf
00c0b700008c84dc, 66.2, 3.4, 584987d1
00c0b700008c8711, 66.2, 3.4, 58498865
00c0b700008c847d, 66.2, 3.3, 58498887
00c0b700008c84dc, 66.2, 3.4, 5849888a
00c0b700008c8711, 66.2, 3.4, 5849891e
00c0b700008c847d, 66.2, 3.3, 58498940
00c0b700008c84dc, 66.2, 3.4, 58498942
00c0b700008c8711, 66.2, 3.4, 584989d7
00c0b700008c847d, 66.2, 3.3, 584989f8
00c0b700008c84dc, 66.2, 3.4, 584989fb
00c0b700008c8711, 66.2, 3.4, 58498a8f
00c0b700008c847d, 66.2, 3.3, 58498ab1
00c0b700008c84dc, 66.2, 3.4, 58498ab3
00c0b700008c8711, 66.2, 3.4, 58498b48
00c0b700008c847d, 66.2, 3.3, 58498b69
00c0b700008c84dc, 66.2, 3.4, 58498b6c
00c0b700008c8711, 66.2, 3.4, 58498c00
00c0b700008c847d, 66.2, 3.3, 58498c22
00c0b700008c84dc, 66.2, 3.4, 58498c24
00c0b700008c8711, 66.2, 3.4, 58498cb9
00c0b700008c847d, 66.2, 3.3, 58498cda
00c0b700008c84dc, 66.2, 3.4, 58498cdd
00c0b700008c8711, 66.2, 3.4, 58498d71
00c0b700008c847d, 66.2, 3.3, 58498d93
00c0b700008c84dc, 66.2, 3.4, 58498d95
00c0b70000da2460, 77.5, 2.7, 58498de6
00c0b70000da2460, 77.5, 2.7, 58498de6
00c0b700008c8711, 66.2, 3.4, 58498e2a
00c0b700008c847d, 66.2, 3.3, 58498e4b
00c0b700008c84dc, 66.2, 3.4, 58498e4e
00c0b700008c8711, 66.2, 3.4, 58498ee2
00c0b700008c847d, 66.2, 3.3, 58498f04
00c0b700008c84dc, 66.2, 3.4, 58498f06
00c0b700008c8711, 66.2, 3.4, 58498f9b
00c0b700008c847d, 66.2, 3.3, 58498fbc
00c0b700008c84dc, 66.2, 3.4, 58498fbf
00c0b700008c8711, 66.2, 3.4, 58499054
00c0b700008c847d, 66.2, 3.3, 58499075
00c0b700008c84dc, 66.2, 3.4, 58499077
00c0b700008c8711, 66.2, 3.4, 5849910c
00c0b700008c847d, 66.2, 3.3, 5849912d
00c0b700008c84dc, 66.2, 3.4, 58499130
00c0b700008c8711, 66.2, 3.4, 584991c5
00c0b700008c847d, 66.2, 3.3, 584991e6
00c0b700008c84dc, 66.2, 3.4, 584991e8
00c0b700008c8711, 66.2, 3.4, 5849927d
00c0b700008c847d, 66.2, 3.3, 5849929e
00c0b700008c84dc, 66.2, 3.4, 584992a1
00c0b700008c8711, 66.2, 3.4, 58499336
00c0b700008c847d, 66.2, 3.3, 58499357
00c0b700008c84dc, 66.2, 3.4, 58499359
00c0b700008c8711, 66.2, 3.4, 584993ee
00c0b700008c847d, 66.2, 3.3, 5849940f
00c0b700008c84dc, 66.2, 3.4, 58499412
00c0b700008c8711, 66.2, 3.4, 584994a7
00c0b700008c847d, 66.2, 3.3, 584994c8
00c0b700008c84dc, 66.2, 3.4, 584994ca
00c0b70000da2460, 77.3, 2.8, 584994c4
00c0b70000da2460, 78.7, 2.8, 5849953d
00c0b700008c8711, 66.2, 3.4, 58499562
00c0b700008c847d, 66.2, 3.3, 58499580
00c0b700008c84dc, 66.2, 3.4, 58499582
00c0b70000da2460, 82.5, 2.8, 58499597
00c0b70000da2460, 81.1, 2.8, 584995b5
00c0b70000da2460, 80.1, 2.8, 584995d3
00c0b700008c8711, 66.2, 3.4, 5849961f
00c0b70000da2460, 78.6, 2.7, 5