00c0b700008c8711, 66.2, 3.4, 585066a4
00c0b700008c84dc, 66.2, 3.4, 585066d0
00c0b700008c8711, 66.2, 3.4, 5850675c
00124b0001466303, 77.3, 3.3, 58506751
00124b0001466303, 77.0, 3.3, 5850676f
00c0b700008c84dc, 66.2, 3.4, 58506788
00124b0001466303, 77.0, 3.3, 58506798
00124b0001466303, 77.0, 3.3, 585067b6
00124b0001466303, 76.9, 3.3, 585067d4
00124b0001466303, 76.9, 3.3, 585067f2
00124b0001466303, 76.8, 3.3, 58506810
00c0b700008c8711, 66.2, 3.4, 58506815
00124b0001466303, 77.0, 3.3, 5850682f
00c0b700008c84dc, 66.2, 3.4, 58506841
00124b0001466303, 77.1, 3.3, 5850684c
00124b0001466303, 77.2, 3.3, 5850686a
00124b0001466303, 77.3, 3.3, 58506889
00124b0001466303, 77.3, 3.3, 585068a7
00124b0001466303, 77.4, 3.3, 585068c5
00c0b700008c8711, 66.2, 3.4, 585068ce
00124b0001466303, 77.5, 3.3, 585068e3
00c0b700008c84dc, 66.2, 3.4, 585068f9
00124b0001466303, 77.2, 3.3, 58506901
00124b0001466303, 77.2, 3.3, 5850691f
00124b0001466303, 77.1, 3.3, 5850693c
00124b0001466303, 77.1, 3.3, 5850695a
00124b0001466303, 77.2, 3.3, 58506979
00c0b700008c8711, 66.2, 3.4, 58506988
00124b0001466303, 77.3, 3.3, 58506996
00c0b700008c84dc, 66.2, 3.4, 585069b2
00124b0001466303, 77.4, 3.3, 585069b4
00124b0001466303, 77.3, 3.3, 585069d2
00124b0001466303, 77.5, 3.3, 585069f0
00124b0001466303, 77.2, 3.3, 58506a0b
00124b0001466303, 77.4, 3.3, 58506a2e
00c0b700008c8711, 66.2, 3.4, 58506a42
00124b0001466303, 77.4, 3.3, 58506a4c
00124b0001466303, 77.4, 3.3, 58506a68
00c0b700008c84dc, 66.2, 3.4, 58506a6a
00124b0001466303, 77.2, 3.3, 58506a88
00124b0001466303, 77.2, 3.3, 58506aa6
00c0b700008c8711, 66.2, 3.4, 58506afb
00c0b700008c84dc, 66.2, 3.4, 58506b22
00124b0001466303, 77.3, 3.3, 58506ac4
00124b0001466303, 77.3, 3.3, 58506b57
00124b0001466303, 77.4, 3.3, 58506b75
00124b0001466303, 77.5, 3.3, 58506b93
00124b0001466303, 77.2, 3.3, 58506bb2
00c0b700008c8711, 66.2, 3.4, 58506bb4
00124b0001466303, 77.3, 3.3, 58506bd0
00c0b700008c84dc, 66.2, 3.4, 58506bdb
00124b0001466303, 77.4, 3.3, 58506bed
00124b0001466303, 77.2, 3.3, 58506c0b
00124b0001466303, 77.3, 3.3, 58506c2a
00124b0001466303, 77.1, 3.3, 58506c48
00124b0001466303, 77.0, 3.3, 58506c66
00c0b700008c8711, 66.2, 3.4, 58506c6e
00124b0001466303, 77.0, 3.3, 58506c84
00c0b700008c84dc, 66.2, 3.4, 58506c93
00124b0001466303, 77.1, 3.3, 58506ca2
00124b0001466303, 77.2, 3.3, 58506cc1
00124b0001466303, 77.1, 3.3, 58506cdf
00124b0001466303, 77.1, 3.3, 58506cfd
00124b0001466303, 77.1, 3.3, 58506d1b
00c0b700008c8711, 66.2, 3.4, 58506d27
00124b0001466303, 76.9, 3.3, 58506d39
00c0b700008c84dc, 66.2, 3.4, 58506d4c
00124b0001466303, 77.0, 3.3, 58506d57
00124b0001466303, 77.1, 3.3, 58506d75
00124b0001466303, 77.0, 3.3, 58506d93
00124b0001466303, 77.0, 3.3, 58506db1
00124b0001466303, 76.9, 3.3, 58506dce
00c0b700008c8711, 66.2, 3.4, 58506de1
00124b0001466303, 76.9, 3.3, 58506ded
00c0b700008c84dc, 66.2, 3.4, 58506e04
00124b0001466303, 77.0, 3.3, 58506e0b
00124b0001466303, 77.0, 3.3, 58506e28
00c0b700008c8711, 66.2, 3.4, 58506e9a
00c0b700008c84dc, 66.2, 3.4, 58506ebd
00124b0001466303, 77.1, 3.3, 58506efd
00124b0001466303, 77.0, 3.3, 58506f1b
00124b0001466303, 77.0, 3.3, 58506f39
00c0b700008c8711, 66.2, 3.4, 58506f53
00124b0001466303, 77.1, 3.3, 58506f57
00c0b700008c84dc, 66.2, 3.4, 58506f75
00124b0001466303, 77.0, 3.3, 58506f75
00124b0001466303, 77.2, 3.3, 58506f94
00124b0001466303, 76.9, 3.3, 58506fb2
00124b0001466303, 77.2, 3.3, 58506fd1
00124b0001466303, 77.2, 3.3, 58506fef
00c0b700008c8711, 66.2, 3.4, 5850700d
00124b0001466303, 77.1, 3.3, 5850700d
00124b0001466303, 77.3, 3.3, 5850702b
00c0b700008c84dc, 66.2, 3.4, 5850702e
00124b0001466303, 77.2, 3.3, 58507049
00124b0001466303, 77.1, 3.3, 58507067
00124b0001466303, 77.2, 3.3, 58507085
00124b0001466303, 77.2, 3.3, 585070a2
00124b0001466303, 77.2, 3.3, 585070c0
00c0b700008c8711, 66.2, 3.4, 585070c6
00124b0001466303, 77.1, 3.3, 585070df
00c0b700008c84dc, 66.2, 3.4, 585070e6
00124b0001466303, 77.2, 3.3, 585070fc
00124b0001466303, 77.2, 3.3, 5850711a
00124b0001466303, 77.0, 3.3, 58507139
00124b0001466303, 77.1, 3.3, 58507156
00124b0001466303, 77.2, 3.3, 58507174
00c0b700008c8711, 66.2, 3.4, 5