00c0b700008c8711, 66.2, 3.4, 5851c525
00124b0009fdb1ed, 79.0, 3.2, 5851c537
00c0b700008c84dc, 66.2, 3.4, 5851c555
00124b0009fdb1ed, 78.6, 3.2, 5851c559
00124b0009fdb1ed, 78.2, 3.2, 5851c578
00124b0009fdb1ed, 78.0, 3.2, 5851c596
00124b0009fdb1ed, 77.8, 3.2, 5851c5b4
00124b0009fdb1ed, 77.7, 3.2, 5851c5d2
00c0b700008c8711, 66.2, 3.4, 5851c5dd
00124b0009fdb1ed, 77.6, 3.2, 5851c5f0
00c0b700008c84dc, 66.2, 3.4, 5851c60d
00124b0009fdb1ed, 77.5, 3.2, 5851c60e
00124b0009fdb1ed, 77.6, 3.2, 5851c62c
00124b0009fdb1ed, 77.6, 3.2, 5851c64a
00124b0009fdb1ed, 77.7, 3.2, 5851c668
00124b0009fdb1ed, 77.5, 3.2, 5851c686
00c0b700008c8711, 66.2, 3.4, 5851c696
00124b0009fdb1ed, 77.3, 3.2, 5851c6a4
00124b0009fdb1ed, 77.2, 3.2, 5851c6c2
00c0b700008c84dc, 66.2, 3.4, 5851c6c6
00124b0009fdb1ed, 77.0, 3.2, 5851c6e0
00124b0009fdb1ed, 77.0, 3.2, 5851c6fe
00124b0009fdb1ed, 77.0, 3.2, 5851c71c
00124b0009fdb1ed, 76.9, 3.2, 5851c73a
00c0b700008c8711, 66.2, 3.4, 5851c74e
00124b0009fdb1ed, 76.9, 3.2, 5851c758
00124b0009fdb1ed, 76.8, 3.2, 5851c776
00c0b700008c84dc, 66.2, 3.4, 5851c77e
00124b0009fdb1ed, 76.8, 3.2, 5851c794
00124b0009fdb1ed, 76.7, 3.2, 5851c7b1
00124b0009fdb1ed, 76.7, 3.2, 5851c7cf
00124b0009fdb1ed, 76.7, 3.2, 5851c7ed
00c0b700008c8711, 66.2, 3.4, 5851c807
00124b0009fdb1ed, 76.6, 3.2, 5851c80b
00124b0009fdb1ed, 76.6, 3.2, 5851c829
00c0b700008c84dc, 66.2, 3.4, 5851c836
00124b0009fdb1ed, 76.6, 3.2, 5851c847
00124b0009fdb1ed, 76.6, 3.2, 5851c865
00124b0009fdb1ed, 76.6, 3.2, 5851c883
00124b0009fdb1ed, 76.7, 3.2, 5851c8a1
00c0b700008c8711, 66.2, 3.4, 5851c8bf
00124b0009fdb1ed, 76.6, 3.2, 5851c8bf
00124b0009fdb1ed, 76.5, 3.2, 5851c8dd
00c0b700008c84dc, 66.2, 3.4, 5851c8ef
00124b0009fdb1ed, 76.6, 3.2, 5851c8fb
00124b0009fdb1ed, 76.6, 3.2, 5851c919
00124b0009fdb1ed, 76.6, 3.2, 5851c937
00124b0009fdb1ed, 76.5, 3.2, 5851c955
00124b0009fdb1ed, 76.5, 3.2, 5851c973
00c0b700008c8711, 66.2, 3.4, 5851c978
00124b0009fdb1ed, 76.6, 3.2, 5851c991
00c0b700008c84dc, 66.2, 3.4, 5851c9a7
00124b0009fdb1ed, 76.5, 3.2, 5851c9af
00124b0009fdb1ed, 76.5, 3.2, 5851c9cd
00124b0009fdb1ed, 75.8, 3.2, 5851c9eb
00124b0009fdb1ed, 75.8, 3.2, 5851ca09
00124b0009fdb1ed, 75.8, 3.2, 5851ca27
00c0b700008c8711, 66.2, 3.4, 5851ca30
00124b0009fdb1ed, 75.8, 3.2, 5851ca45
00c0b700008c84dc, 66.2, 3.4, 5851ca60
00124b0009fdb1ed, 75.8, 3.2, 5851ca63
00124b0009fdb1ed, 76.5, 3.2, 5851ca81
00124b0009fdb1ed, 75.8, 3.2, 5851ca9f
00124b0009fdb1ed, 75.8, 3.2, 5851cabd
00124b0009fdb1ed, 76.5, 3.2, 5851cadc
00c0b700008c8711, 66.2, 3.4, 5851cae9
00124b0009fdb1ed, 75.8, 3.2, 5851cafa
00124b0009fdb1ed, 75.8, 3.2, 5851cb18
00c0b700008c84dc, 66.2, 3.4, 5851cb18
00124b0009fdb1ed, 75.8, 3.2, 5851cb36
00124b0009fdb1ed, 75.8, 3.2, 5851cb54
00124b0009fdb1ed, 75.8, 3.2, 5851cb72
00124b0009fdb1ed, 75.8, 3.2, 5851cb90
00c0b700008c8711, 66.2, 3.4, 5851cba1
00124b0009fdb1ed, 75.8, 3.2, 5851cbae
00124b0009fdb1ed, 75.8, 3.2, 5851cbcc
00c0b700008c84dc, 66.2, 3.4, 5851cbd1
00124b0009fdb1ed, 75.8, 3.2, 5851cbea
00124b0009fdb1ed, 75.8, 3.2, 5851cc08
00124b0009fdb1ed, 75.7, 3.2, 5851cc26
00124b0009fdb1ed, 75.7, 3.2, 5851cc44
00c0b700008c8711, 66.2, 3.4, 5851cc5a
00124b0009fdb1ed, 75.7, 3.2, 5851cc62
00124b0009fdb1ed, 75.6, 3.2, 5851cc7f
00c0b700008c84dc, 66.2, 3.4, 5851cc89
00124b0009fdb1ed, 75.7, 3.2, 5851cc9d
00124b0009fdb1ed, 75.6, 3.2, 5851ccbb
00124b0009fdb1ed, 75.7, 3.2, 5851ccd9
00124b0009fdb1ed, 75.7, 3.2, 5851ccf7
00c0b700008c8711, 66.2, 3.4, 5851cd12
00124b0009fdb1ed, 75.7, 3.2, 5851cd15
00124b0009fdb1ed, 75.6, 3.2, 5851cd33
00c0b700008c84dc, 66.2, 3.4, 5851cd42
00124b0009fdb1ed, 75.7, 3.2, 5851cd51
00124b0009fdb1ed, 75.7, 3.2, 5851cd70
00124b0009fdb1ed, 75.6, 3.2, 5851cd8e
00124b0009fdb1ed, 75.7, 3.2, 5851cdac
00124b0009fdb1ed, 75.6, 3.2, 5851cdc9
00c0b700008c8711, 66.2, 3.4, 5851cdcb
00124b0009fdb1ed, 75.6, 3.2, 5851cde7
00c0b700008c84dc, 66.2, 3.4, 5851cdfa
00124b0009fdb1ed, 75.6, 3.2, 5851ce05
00124b0009fdb1ed, 75.6, 3.2, 5851ce24
00124b0009fdb1ed, 75.6, 3.2, 5851ce42
00124b0009fdb1ed, 75.6, 3.2, 5851ce60
00124b0009fdb1ed, 75.6, 3.2, 5851ce7e
00c0b700008c8711, 66.2, 3.4, 5851ce83
00124b0009fdb1ed, 75.5, 3.2, 5851ce9c
00c0b700008c84dc, 66.2, 3.4, 5851ceb3
00124b0009fdb1ed, 75.6, 3.2, 5851ceba
00124b0009fdb1ed, 75.5, 3.2, 5851ced8
00124b0009fdb1ed, 75.6, 3.2, 5851cef6
00124b0009fdb1ed, 75.6, 3.2, 5851cf14
00124b0009fdb1ed, 75.5, 3.2, 5851cf32
00c0b700008c8711, 66.2, 3.4, 5851cf3c
00124b0009fdb1ed, 75.5, 3.2, 5851cf50
00c0b700008c84dc, 66.2, 3.4, 5851cf6b
00124b0009fdb1ed, 75.5, 3.2, 5851cf6e
00124b0009fdb1ed, 75.5, 3.2, 5851cf8c
00124b0009fdb1ed, 75.5, 3.2, 5851cfaa
00124b0009fdb1ed, 75.6, 3.2, 5851cfc8
00124b0009fdb1ed, 75.5, 3.2, 5851cfe6
00c0b700008c8711, 66.2, 3.4, 5851cff4
00124b0009fdb1ed, 75.6, 3.2, 5851d004
00124b0009fdb1ed, 75.5, 3.2, 5851d022
00c0b700008c84dc, 66.2, 3.4, 5851d024
00124b0009fdb1ed, 75.5, 3.2, 5851d040
00124b0009fdb1ed, 75.5, 3.2, 5851d05e
00124b0009fdb1ed, 75.5, 3.2, 5851d07c
00124b0009fdb1ed, 75.5, 3.2, 5851d09a
00c0b700008c8711, 66.2, 3.4, 5851d0ad
00124b0009fdb1ed, 75.5, 3.2, 5851d0b8
00124b0009fdb1ed, 75.5, 3.2, 5851d0d6
00c0b700008c84dc, 66.2, 3.4, 5851d0dc
00124b0009fdb1ed, 75.5, 3.2, 5851d0f4
00124b0009fdb1ed, 75.5, 3.2, 5851d111
00124b0009fdb1ed, 75.6, 3.2, 5851d12f
00124b0009fdb1ed, 75.6, 3.2, 5851d14d
00c0b700008c8711, 66.2, 3.4, 5851d165
00124b0009fdb1ed, 75.6, 3.2, 5851d16b
00124b0009fdb1ed, 75.5, 3.2, 5851d189
00c0b700008c84dc, 66.2, 3.4, 5851d195
00124b0009fdb1ed, 75.5, 3.2, 5851d1a7
00124b0009fdb1ed, 75.5, 3.2, 5851d1c5
00124b0009fdb1ed, 75.5, 3.2, 5851d1e4
00124b0009fdb1ed, 75.5, 3.2, 5851d201
00c0b700008c8711, 66.2, 3.4, 5851d21e
00124b0009fdb1ed, 75.4, 3.2, 5851d21f
00124b0009fdb1ed, 75.5, 3.2, 5851d23e
00c0b700008c84dc, 66.2, 3.4, 5851d24d
00124b0009fdb1ed, 75.5, 3.2, 5851d25c
00124b0009fdb1ed, 75.5, 3.2, 5851d27a
00124b0009fdb1ed, 75.5, 3.2, 5851d298
00124b0009fdb1ed, 75.4, 3.2, 5851d2b6
00124b0009fdb1ed, 75.4, 3.2, 5851d2d4
00c0b700008c8711, 66.2, 3.4, 5851d2d6
00124b0009fdb1ed, 75.4, 3.2, 5851d2f2
00c0b700008c84dc, 66.2, 3.4, 5851d306
00124b0009fdb1ed, 75.5, 3.2, 5851d310
00124b0009fdb1ed, 75.4, 3.2, 5851d32e
00124b0009fdb1ed, 75.5, 3.2, 5851d34c
00124b0009fdb1ed, 75.5, 3.2, 5851d36a
00124b0009fdb1ed, 75.5, 3.2, 5851d388
00c0b700008c8711, 66.2, 3.4, 5851d38f
00124b0009fdb1ed, 75.5, 3.2, 5851d3a6
00c0b700008c84dc, 66.2, 3.4, 5851d3be
00124b0009fdb1ed, 75.4, 3.2, 5851d3c4
00124b0009fdb1ed, 75.5, 3.2, 5851d3e2
00124b0009fdb1ed, 75.4, 3.2, 5851d400
00124b0009fdb1ed, 75.5, 3.2, 5851d41e
00124b0009fdb1ed, 75.5, 3.2, 5851d43c
00c0b700008c8711, 66.2, 3.4, 5851d447
00124b0009fdb1ed, 75.4, 3.2, 5851d459
00c0b700008c84dc, 66.2, 3.4, 5851d477
00124b0009fdb1ed, 75.5, 3.2, 5851d477
00124b0009fdb1ed, 75.4, 3.2, 5851d495
00124b0009fdb1ed, 75.4, 3.2, 5851d4b3
00124b0009fdb1ed, 75.4, 3.2, 5851d4d1
00124b0009fdb1ed, 75.4, 3.2, 5851d4ef
00c0b700008c8711, 66.2, 3.4, 5851d4ff
00124b0009fdb1ed, 75.4, 3.2, 5851d50d
00124b0009fdb1ed, 75.4, 3.2, 5851d52b
00c0b700008c84dc, 66.2, 3.4, 5851d52f
00124b0009fdb1ed, 75.4, 3.2, 5851d549
00124b0009fdb1ed, 75.3, 3.2, 5851d567
00124b0009fdb1ed, 75.4, 3.2, 5851d585
00124b0009fdb1ed, 75.4, 3.2, 5851d5a3
00c0b700008c8711, 66.2, 3.4, 5851d5b8
00124b0009fdb1ed, 75.3, 3.2, 5851d5c1
00124b0009fdb1ed, 75.4, 3.2, 5851d5df
00c0b700008c84dc, 66.2, 3.4, 5851d5e8
00124b0009fdb1ed, 75.2, 3.2, 5851d5fd
00124b0009fdb1ed, 75.4, 3.2, 5851d61b
00124b0009fdb1ed, 75.3, 3.2, 5851d639
00124b0009fdb1ed, 75.3, 3.2, 5851d657
00c0b700008c8711, 66.2, 3.4, 5851d670
00124b0009fdb1ed, 75.3, 3.2, 5851d675
00124b0009fdb1ed, 75.3, 3.2, 5851d694
00c0b700008c84dc, 66.2, 3.4, 5851d6a0
00124b0009fdb1ed, 75.3, 3.2, 5851d6b2
00124b0009fdb1ed, 75.3, 3.2, 5851d6d0
00124b0009fdb1ed, 75.3, 3.2, 5851d6ee
00124b0009fdb1ed, 75.2, 3.2, 5851d70c
00c0b700008c8711, 66.2, 3.4, 5851d729
00124b0009fdb1ed, 75.3, 3.2, 5851d72a
00124b0009fdb1ed, 75.3, 3.2, 5851d748
00c0b700008c84dc, 66.2, 3.4, 5851d759
00124b0009fdb1ed, 75.3, 3.2, 5851d766
00124b0009fdb1ed, 75.2, 3.2, 5851d784
00124b0009fdb1ed, 75.2, 3.2, 5851d7a2
00124b00022008e6, 73.6, 3.4, 5851d79d
00124b0009fdb1ed, 75.2, 3.2, 5851d7c0
00124b0009fdb1ed, 75.2, 3.2, 5851d7de
00c0b700008c8711, 66.2, 3.4, 5851d7e1
00124b0009fdb1ed, 75.2, 3.2, 5851d7fc
00124b0001200138, 72.8, 3.2, 5851d80a
00c0b700008c84dc, 66.2, 3.4, 5851d811
00124b0009fdb1ed, 75.2, 3.2, 5851d81a
00124b0009fdb1ed, 75.2, 3.2, 5851d838
00124b00022008e6, 73.6, 3.4, 5851d851
00124b0009fdb1ed, 75.2, 3.2, 5851d856
00124b0002200b45, 74.1, 3.3, 5851d852
00124b0001200138, 72.8, 3.2, 5851d864
00124b0009fdb1ed, 75.1, 3.2, 5851d874
00124b0009fdb1ed, 75.1, 3.2, 5851d892
00c0b700008c8711, 66.2, 3.4, 5851d89a
00124b0009fdb1ed, 75.1, 3.2, 5851d8b0
00c0b700008c84dc, 66.2, 3.4, 5851d8ca
00124b0009fdb1ed, 75.2, 3.2, 5851d8cd
00124b0009fdb1ed, 75.3, 3.2, 5851d8eb
