00c0b700008c8711, 66.2, 3.4, 5851a8a4
00124b0009fdb1ed, 78.8, 3.2, 5851a8ba
00c0b700008c84dc, 66.2, 3.4, 5851a8d3
00124b0009fdb1ed, 78.3, 3.2, 5851a8e0
00124b0009fdb1ed, 78.0, 3.2, 5851a8ff
00124b0009fdb1ed, 77.8, 3.2, 5851a91d
00124b0009fdb1ed, 77.5, 3.2, 5851a93b
00124b0009fdb1ed, 77.4, 3.2, 5851a959
00c0b700008c8711, 66.2, 3.4, 5851a95c
00124b0009fdb1ed, 77.2, 3.2, 5851a977
00c0b700008c84dc, 66.2, 3.4, 5851a98b
00c0b700008c8711, 66.2, 3.4, 5851aa15
00c0b700008c84dc, 66.2, 3.4, 5851aa44
00c0b700008c8711, 66.2, 3.4, 5851aacd
00c0b700008c84dc, 66.2, 3.4, 5851aafc
00124b0009fdb1ed, 78.0, 3.2, 5851aabe
00124b0009fdb1ed, 77.6, 3.2, 5851aadc
00124b0009fdb1ed, 77.4, 3.2, 5851ab49
00124b0009fdb1ed, 77.3, 3.2, 5851ab67
00c0b700008c8711, 66.2, 3.4, 5851ab86
00124b0009fdb1ed, 77.1, 3.2, 5851ab85
00124b0009fdb1ed, 77.1, 3.2, 5851aba4
00c0b700008c84dc, 66.2, 3.4, 5851abb4
00124b0009fdb1ed, 77.2, 3.2, 5851abc2
00124b0009fdb1ed, 77.2, 3.2, 5851abe0
00124b0009fdb1ed, 77.3, 3.2, 5851abfe
00c0b700008c8711, 66.2, 3.4, 5851ac3e
00c0b700008c84dc, 66.2, 3.4, 5851ac6d
00c0b700008c8711, 66.2, 3.4, 5851acf7
00c0b700008c84dc, 66.2, 3.4, 5851ad25
00c0b700008c8711, 66.2, 3.4, 5851adaf
00c0b700008c84dc, 66.2, 3.4, 5851adde
00c0b700008c8711, 66.2, 3.4, 5851ae68
00c0b700008c84dc, 66.2, 3.4, 5851ae96
00c0b700008c8711, 66.2, 3.4, 5851af20
00c0b700008c84dc, 66.2, 3.4, 5851af4f
00c0b700008c8711, 66.2, 3.4, 5851afd9
00c0b700008c84dc, 66.2, 3.4, 5851b007
00c0b700008c8711, 66.2, 3.4, 5851b091
00c0b700008c84dc, 66.2, 3.4, 5851b0c0
00c0b700008c8711, 66.2, 3.4, 5851b14a
00c0b700008c84dc, 66.2, 3.4, 5851b178
00c0b700008c8711, 66.2, 3.4, 5851b202
00c0b700008c84dc, 66.2, 3.4, 5851b231
00124b0009fdb1ed, 79.2, 3.2, 5851b2a4
00c0b700008c8711, 66.2, 3.4, 5851b2bb
00c0b700008c84dc, 66.2, 3.4, 5851b2e9
00124b0009fdb1ed, 79.3, 3.2, 5851b2f0
00124b0009fdb1ed, 79.6, 3.2, 5851b31e
00124b0009fdb1ed, 79.1, 3.2, 5851b33d
00c0b700008c8711, 66.2, 3.4, 5851b373
00124b0009fdb1ed, 79.4, 3.2, 5851b380
00124b0009fdb1ed, 79.0, 3.2, 5851b39f
00c0b700008c84dc, 66.2, 3.4, 5851b3a2
00c0b700008c8711, 66.2, 3.4, 5851b42c
00c0b700008c84dc, 66.2, 3.4, 5851b45a
00124b0009fdb1ed, 79.2, 3.2, 5851b484
00124b0009fdb1ed, 78.9, 3.2, 5851b4a3
00c0b700008c8711, 66.2, 3.4, 5851b4e4
00c0b700008c84dc, 66.2, 3.4, 5851b513
00c0b700008c8711, 66.2, 3.4, 5851b59d
00c0b700008c84dc, 66.2, 3.4, 5851b5cb
00c0b700008c8711, 66.2, 3.4, 5851b655
00c0b700008c84dc, 66.2, 3.4, 5851b684
00c0b700008c8711, 66.2, 3.4, 5851b70d
00c0b700008c84dc, 66.2, 3.4, 5851b73c
00124b0009fdb1ed, 79.2, 3.2, 5851b7b7
00c0b700008c8711, 66.2, 3.4, 5851b7c6
00124b0009fdb1ed, 78.7, 3.2, 5851b7d6
00c0b700008c84dc, 66.2, 3.4, 5851b7f5
00c0b700008c8711, 66.2, 3.4, 5851b87e
00c0b700008c84dc, 66.2, 3.4, 5851b8ad
00c0b700008c8711, 66.2, 3.4, 5851b937
00c0b700008c84dc, 66.2, 3.4, 5851b966
00124b0009fdb1ed, 78.7, 3.2, 5851b94c
00124b0009fdb1ed, 78.2, 3.2, 5851b96a
00c0b700008c8711, 66.2, 3.4, 5851b9ef
00124b0009fdb1ed, 78.1, 3.2, 5851ba06
00c0b700008c84dc, 66.2, 3.4, 5851ba1e
00124b0009fdb1ed, 78.0, 3.2, 5851ba24
00124b0009fdb1ed, 77.8, 3.2, 5851ba42
00124b0009fdb1ed, 78.0, 3.2, 5851ba60
00124b0009fdb1ed, 77.9, 3.2, 5851ba7e
00124b0009fdb1ed, 77.7, 3.2, 5851ba9c
00c0b700008c8711, 66.2, 3.4, 5851baa8
00124b0009fdb1ed, 77.6, 3.2, 5851baba
00c0b700008c84dc, 66.2, 3.4, 5851bad7
00124b0009fdb1ed, 77.5, 3.2, 5851bad8
00124b0009fdb1ed, 77.3, 3.2, 5851baf6
00124b0009fdb1ed, 77.4, 3.2, 5851bb14
00124b0009fdb1ed, 77.1, 3.2, 5851bb32
00124b0009fdb1ed, 77.1, 3.2, 5851bb50
00c0b700008c8711, 66.2, 3.4, 5851bb60
00124b0009fdb1ed, 77.1, 3.2, 5851bb6e
00124b0009fdb1ed, 77.1, 3.2, 5851bb8b
00c0b700008c84dc, 66.2, 3.4, 5851bb8f
00124b0009fdb1ed, 77.1, 3.2, 5851bba9
00124b0009fdb1ed, 77.0, 3.2, 5851bbc7
00124b0009fdb1ed, 76.9, 3.2, 5851bbe6
00124b0009fdb1ed, 76.9, 3.2, 5851bc04
00c0b700008c8711, 66.2, 3.4, 5851bc19
00124b0009fdb1ed, 76.9, 3.2, 5851bc22
00124b0009fdb1ed, 76.8, 3.2, 5851bc3f
00c0b700008c84dc, 66.2, 3.4, 5851bc47
00124b0009fdb1ed, 76.7, 3.2, 5851bc5d
00c0b700008c8711, 66.2, 3.4, 5851bcd1
00124b0009fdb1ed, 78.0, 3.2, 5851bcca
00124b0009fdb1ed, 77.8, 3.2, 5