00c0b700008c8711, 66.2, 3.4, 585037a1
00c0b700008c84dc, 66.2, 3.4, 585037bc
00124b0009fdb1ed, 77.7, 3.2, 585037cc
00124b0009fdb1ed, 77.5, 3.2, 585037ea
00124b0009fdb1ed, 78.0, 3.2, 58503815
00124b0009fdb1ed, 77.8, 3.2, 58503834
00c0b700008c8711, 66.2, 3.4, 58503859
00124b0009fdb1ed, 77.6, 3.2, 58503858
00c0b700008c84dc, 66.2, 3.4, 58503874
00124b0009fdb1ed, 77.4, 3.2, 58503876
00124b0009fdb1ed, 77.3, 3.2, 58503894
00124b0009fdb1ed, 77.3, 3.2, 585038b3
00124b0009fdb1ed, 77.1, 3.2, 585038d1
00c0b700008c8711, 66.2, 3.4, 58503912
00124b0009fdb1ed, 77.2, 3.2, 5850391e
00c0b700008c84dc, 66.2, 3.4, 5850392d
00124b0009fdb1ed, 77.3, 3.2, 5850393d
00124b0009fdb1ed, 77.2, 3.2, 58503968
00124b0009fdb1ed, 77.1, 3.2, 58503985
00c0b700008c8711, 66.2, 3.4, 585039ca
00124b0009fdb1ed, 78.0, 3.2, 585039d0
00c0b700008c84dc, 66.2, 3.4, 585039e5
00124b0009fdb1ed, 77.9, 3.2, 585039ef
00124b0009fdb1ed, 77.6, 3.2, 58503a0e
00124b0009fdb1ed, 78.0, 3.2, 58503a29
00124b0009fdb1ed, 77.7, 3.2, 58503a47
00124b0009fdb1ed, 77.6, 3.2, 58503a67
00c0b700008c8711, 66.2, 3.4, 58503a83
00124b0009fdb1ed, 77.3, 3.2, 58503a86
00c0b700008c84dc, 66.2, 3.4, 58503a9e
00124b0009fdb1ed, 77.2, 3.2, 58503aa4
00124b0009fdb1ed, 76.8, 3.2, 58503ac2
00124b0009fdb1ed, 76.8, 3.2, 58503ae1
00124b0009fdb1ed, 76.7, 3.2, 58503aff
00124b0009fdb1ed, 76.7, 3.2, 58503b1e
