00c0b700008c8711, 66.2, 3.4, 584f026e
00124b0009fdb1ed, 77.3, 3.2, 584f029c
00124b0009fdb1ed, 76.9, 3.2, 584f02ba
00124b0009fdb1ed, 76.6, 3.2, 584f02d8
00c0b700008c84dc, 66.2, 3.4, 584f02e4
00124b0009fdb1ed, 75.8, 3.2, 584f02f6
00124b0009fdb1ed, 75.8, 3.2, 584f0314
00c0b700008c8711, 66.2, 3.4, 584f0326
00124b0009fdb1ed, 75.7, 3.2, 584f0332
00124b0009fdb1ed, 75.6, 3.2, 584f0350
00124b0009fdb1ed, 75.6, 3.2, 584f036e
00124b0009fdb1ed, 75.6, 3.2, 584f038c
00c0b700008c84dc, 66.2, 3.4, 584f039d
00124b0009fdb1ed, 75.5, 3.2, 584f03aa
00124b0009fdb1ed, 75.5, 3.2, 584f03c9
00c0b700008c8711, 66.2, 3.4, 584f03df
00124b0009fdb1ed, 75.5, 3.2, 584f03e7
00124b0009fdb1ed, 75.6, 3.2, 584f0405
00124b0009fdb1ed, 75.5, 3.2, 584f0422
00124b0009fdb1ed, 75.7, 3.2, 584f0440
00c0b700008c84dc, 66.2, 3.4, 584f0455
00124b0009fdb1ed, 75.8, 3.2, 584f045e
00124b0009fdb1ed, 75.8, 3.2, 584f047c
00c0b700008c8711, 66.2, 3.4, 584f0497
00124b0009fdb1ed, 75.8, 3.2, 584f049a
00124b0009fdb1ed, 75.8, 3.2, 584f04b8
00124b0009fdb1ed, 75.8, 3.2, 584f04d6
00124b0009fdb1ed, 75.8, 3.2, 584f04f4
00c0b700008c84dc, 66.2, 3.4, 584f050d
00124b0009fdb1ed, 75.8, 3.2, 584f0512
00124b0009fdb1ed, 75.7, 3.2, 584f0530
00124b0009fdb1ed, 75.8, 3.2, 584f054e
00c0b700008c8711, 66.2, 3.4, 584f0550
00124b0009fdb1ed, 75.7, 3.2, 584f056c
00124b0009fdb1ed, 75.7, 3.2, 584f058a
00124b0009fdb1ed, 75.8, 3.2, 584f05a9
00c0b700008c84dc, 66.2, 3.4, 584f05c6
00124b0009fdb1ed, 75.6, 3.2, 584f05c7
00124b0009fdb1ed, 75.6, 3.2, 584f05e5
00124b0009fdb1ed, 75.6, 3.2, 584f0603
00c0b700008c8711, 66.2, 3.4, 584f0608
00124b0009fdb1ed, 75.6, 3.2, 584f0621
00124b0009fdb1ed, 75.7, 3.2, 584f063f
00124b0009fdb1ed, 75.7, 3.2, 584f065e
00124b0009fdb1ed, 75.7, 3.2, 584f067c
00c0b700008c84dc, 66.2, 3.4, 584f067e
00124b0009fdb1ed, 75.6, 3.2, 584f069a
00124b0009fdb1ed, 75.6, 3.2, 584f06b8
00c0b700008c8711, 66.2, 3.4, 584f06c1
00124b0009fdb1ed, 75.5, 3.2, 584f06d6
00124b0009fdb1ed, 75.4, 3.2, 584f06f4
00124b0009fdb1ed, 75.4, 3.2, 584f0712
00124b0009fdb1ed, 75.2, 3.2, 584f0730
00c0b700008c84dc, 66.2, 3.4, 584f0737
00124b0009fdb1ed, 75.2, 3.2, 584f074e
00124b0009fdb1ed, 75.1, 3.2, 584f076c
00c0b700008c8711, 66.2, 3.4, 584f0779
00124b0009fdb1ed, 75.1, 3.2, 584f078a
00124b0009fdb1ed, 75.0, 3.2, 584f07a8
00124b0009fdb1ed, 74.9, 3.2, 584f07c6
00124b0009fdb1ed, 75.0, 3.2, 584f07e3
00c0b700008c84dc, 66.2, 3.4, 584f07ef
00124b0009fdb1ed, 74.9, 3.2, 584f0801
00124b0009fdb1ed, 74.9, 3.2, 584f081f
00c0b700008c8711, 66.2, 3.4, 584f0832
00124b0009fdb1ed, 74.9, 3.2, 584f083d
00124b0009fdb1ed, 74.8, 3.2, 584f085b
00124b0009fdb1ed, 74.9, 3.2, 584f0879
00124b0009fdb1ed, 74.8, 3.2, 584f0897
00c0b700008c84dc, 66.2, 3.4, 584f08a8
00124b0009fdb1ed, 74.8, 3.2, 584f08b5
00124b0009fdb1ed, 74.7, 3.2, 584f08d3
00c0b700008c8711, 66.2, 3.4, 584f08ea
00124b0009fdb1ed, 74.7, 3.2, 584f08f1
00124b0009fdb1ed, 74.6, 3.2, 584f090f
00124b0009fdb1ed, 74.8, 3.2, 584f092e
00124b0009fdb1ed, 74.7, 3.2, 584f094c
00c0b700008c84dc, 66.2, 3.4, 584f0960
00124b0009fdb1ed, 74.7, 3.2, 584f096a
00124b0009fdb1ed, 74.8, 3.2, 584f0988
00c0b700008c8711, 66.2, 3.4, 584f09a3
00124b0009fdb1ed, 74.7, 3.2, 584f09a6
00124b0009fdb1ed, 74.7, 3.2, 584f09c3
00124b0009fdb1ed, 74.7, 3.2, 584f09e1
00124b0009fdb1ed, 74.7, 3.2, 584f09ff
00c0b700008c84dc, 66.2, 3.4, 584f0a19
00124b0009fdb1ed, 74.6, 3.2, 584f0a1d
00124b0009fdb1ed, 74.6, 3.2, 584f0a3b
00124b0009fdb1ed, 74.5, 3.2, 584f0a59
00c0b700008c8711, 66.2, 3.4, 584f0a5b
00124b0009fdb1ed, 74.5, 3.2, 584f0a77
00124b0009fdb1ed, 74.5, 3.2, 584f0a96
00124b0009fdb1ed, 74.5, 3.2, 584f0ab3
00c0b700008c84dc, 66.2, 3.4, 584f0ad1
00124b0009fdb1ed, 74.5, 3.2, 584f0ad1
00124b0009fdb1ed, 74.5, 3.2, 584f0aef
00124b0009fdb1ed, 74.5, 3.2, 584f0b0d
00c0b700008c8711, 66.2, 3.4, 584f0b14
00124b0009fdb1ed, 74.5, 3.2, 584f0b2c
00124b0009fdb1ed, 74.5, 3.2, 584f0b4a
00124b0009fdb1ed, 74.6, 3.2, 584f0b68
00124b0009fdb1ed, 74.5, 3.2, 584f0b86
00c0b700008c84dc, 66.2, 3.4, 584f0b8a
00124b0009fdb1ed, 74.6, 3.2, 584f0ba4
00124b0009fdb1ed, 74.5, 3.2, 584f0bc2
00c0b700008c8711, 66.2, 3.4, 584f0bcc
00124b0009fdb1ed, 74.4, 3.2, 584f0be0
00124b0009fdb1ed, 74.5, 3.2, 5